[22-Dec-2023 12:35:15 UTC] Country: 
[22-Dec-2023 12:35:16 UTC] Country: 
[22-Dec-2023 12:35:17 UTC] Country: 
[22-Dec-2023 12:35:17 UTC] Country: 
[22-Dec-2023 12:35:18 UTC] Country: 
[22-Dec-2023 12:35:20 UTC] Country: 
[22-Dec-2023 12:35:20 UTC] Country: 
[22-Dec-2023 12:35:20 UTC] Country: 
[22-Dec-2023 12:35:21 UTC] Country: 
[22-Dec-2023 12:36:25 UTC] Country: 
[22-Dec-2023 12:36:26 UTC] Country: 
[22-Dec-2023 12:36:26 UTC] Country: 
[22-Dec-2023 12:36:27 UTC] Country: 
[22-Dec-2023 12:36:27 UTC] Country: 
[22-Dec-2023 12:36:27 UTC] Country: 
[22-Dec-2023 12:36:27 UTC] Country: 
[22-Dec-2023 12:36:28 UTC] Country: 
[22-Dec-2023 12:36:28 UTC] Country: 
[22-Dec-2023 12:36:29 UTC] Country: 
[26-Dec-2023 09:32:59 UTC] Country: P
[26-Dec-2023 09:32:59 UTC] Country: P
[26-Dec-2023 09:32:59 UTC] Generated Providers: 
[26-Dec-2023 09:32:59 UTC] Country: P
[26-Dec-2023 09:32:59 UTC] Country: P
[26-Dec-2023 09:32:59 UTC] Generated Providers: 
[26-Dec-2023 09:33:00 UTC] Country: PA
[26-Dec-2023 09:33:00 UTC] Country: PA
[26-Dec-2023 09:33:00 UTC] Generated Providers: 
[26-Dec-2023 09:33:00 UTC] Country: PA
[26-Dec-2023 09:33:00 UTC] Country: PA
[26-Dec-2023 09:33:00 UTC] Generated Providers: 
[26-Dec-2023 09:33:01 UTC] Country: PAK
[26-Dec-2023 09:33:01 UTC] Country: PAK
[26-Dec-2023 09:33:01 UTC] Generated Providers: 
[26-Dec-2023 09:33:01 UTC] Country: PAK
[26-Dec-2023 09:33:01 UTC] Country: PAK
[26-Dec-2023 09:33:01 UTC] Generated Providers: 
[26-Dec-2023 09:33:01 UTC] Country: PAKI
[26-Dec-2023 09:33:01 UTC] Country: PAKI
[26-Dec-2023 09:33:01 UTC] Generated Providers: 
[26-Dec-2023 09:33:01 UTC] Country: PAKI
[26-Dec-2023 09:33:01 UTC] Country: PAKI
[26-Dec-2023 09:33:01 UTC] Generated Providers: 
[26-Dec-2023 09:33:01 UTC] Country: PAKIS
[26-Dec-2023 09:33:01 UTC] Country: PAKIS
[26-Dec-2023 09:33:01 UTC] Generated Providers: 
[26-Dec-2023 09:33:01 UTC] Country: PAKIS
[26-Dec-2023 09:33:01 UTC] Country: PAKIS
[26-Dec-2023 09:33:01 UTC] Generated Providers: 
[26-Dec-2023 09:33:02 UTC] Country: PAKIST
[26-Dec-2023 09:33:02 UTC] Country: PAKIST
[26-Dec-2023 09:33:02 UTC] Generated Providers: 
[26-Dec-2023 09:33:02 UTC] Country: PAKIST
[26-Dec-2023 09:33:02 UTC] Country: PAKIST
[26-Dec-2023 09:33:02 UTC] Generated Providers: 
[26-Dec-2023 09:33:02 UTC] Country: PAKISTA
[26-Dec-2023 09:33:02 UTC] Country: PAKISTA
[26-Dec-2023 09:33:02 UTC] Generated Providers: 
[26-Dec-2023 09:33:02 UTC] Country: PAKISTA
[26-Dec-2023 09:33:02 UTC] Country: PAKISTA
[26-Dec-2023 09:33:02 UTC] Generated Providers: 
[26-Dec-2023 09:33:02 UTC] Country: PAKISTAN
[26-Dec-2023 09:33:02 UTC] Country: PAKISTAN
[26-Dec-2023 09:33:02 UTC] Generated Providers: 
[26-Dec-2023 09:33:02 UTC] Country: PAKISTAN
[26-Dec-2023 09:33:02 UTC] Country: PAKISTAN
[26-Dec-2023 09:33:02 UTC] Generated Providers: 
[26-Dec-2023 09:33:17 UTC] Country: AU
[26-Dec-2023 09:33:17 UTC] Country: AU
[26-Dec-2023 09:33:17 UTC] Generated Providers: 
[26-Dec-2023 09:33:17 UTC] Country: AUS
[26-Dec-2023 09:33:17 UTC] Country: AUS
[26-Dec-2023 09:33:17 UTC] Generated Providers: 
[26-Dec-2023 09:33:17 UTC] Country: A
[26-Dec-2023 09:33:17 UTC] Country: A
[26-Dec-2023 09:33:17 UTC] Generated Providers: 
[26-Dec-2023 09:33:17 UTC] Country: AUS
[26-Dec-2023 09:33:17 UTC] Country: AUS
[26-Dec-2023 09:33:17 UTC] Generated Providers: 
[26-Dec-2023 09:33:17 UTC] Country: A
[26-Dec-2023 09:33:17 UTC] Country: A
[26-Dec-2023 09:33:17 UTC] Generated Providers: 
[26-Dec-2023 09:33:17 UTC] Country: AU
[26-Dec-2023 09:33:17 UTC] Country: AU
[26-Dec-2023 09:33:17 UTC] Generated Providers: 
[26-Dec-2023 09:33:17 UTC] Country: AUST
[26-Dec-2023 09:33:17 UTC] Country: AUST
[26-Dec-2023 09:33:17 UTC] Country: AUST
[26-Dec-2023 09:33:17 UTC] Generated Providers: 
[26-Dec-2023 09:33:17 UTC] Country: AUST
[26-Dec-2023 09:33:17 UTC] Generated Providers: 
[26-Dec-2023 09:33:17 UTC] Country: AUSTR
[26-Dec-2023 09:33:17 UTC] Country: AUSTR
[26-Dec-2023 09:33:17 UTC] Generated Providers: 
[26-Dec-2023 09:33:17 UTC] Country: AUSTR
[26-Dec-2023 09:33:17 UTC] Country: AUSTR
[26-Dec-2023 09:33:17 UTC] Generated Providers: 
[26-Dec-2023 09:33:19 UTC] Country: AUSTRA
[26-Dec-2023 09:33:19 UTC] Country: AUSTRA
[26-Dec-2023 09:33:19 UTC] Generated Providers: 
[26-Dec-2023 09:33:19 UTC] Country: AUSTRA
[26-Dec-2023 09:33:19 UTC] Country: AUSTRA
[26-Dec-2023 09:33:19 UTC] Generated Providers: 
[26-Dec-2023 09:33:19 UTC] Country: AUSTRAL
[26-Dec-2023 09:33:19 UTC] Country: AUSTRAL
[26-Dec-2023 09:33:19 UTC] Generated Providers: 
[26-Dec-2023 09:33:20 UTC] Country: AUSTRAL
[26-Dec-2023 09:33:20 UTC] Country: AUSTRAL
[26-Dec-2023 09:33:20 UTC] Generated Providers: 
[26-Dec-2023 09:33:20 UTC] Country: AUSTRALI
[26-Dec-2023 09:33:20 UTC] Country: AUSTRALI
[26-Dec-2023 09:33:20 UTC] Generated Providers: 
[26-Dec-2023 09:33:20 UTC] Country: AUSTRALI
[26-Dec-2023 09:33:20 UTC] Country: AUSTRALI
[26-Dec-2023 09:33:20 UTC] Generated Providers: 
[26-Dec-2023 09:33:20 UTC] Country: AUSTRALIA
[26-Dec-2023 09:33:20 UTC] Country: AUSTRALIA
[26-Dec-2023 09:33:20 UTC] Country: AUSTRALIA
[26-Dec-2023 09:33:20 UTC] Generated Providers: 
[26-Dec-2023 09:33:20 UTC] Country: AUSTRALIA
[26-Dec-2023 09:33:20 UTC] Generated Providers: 
[26-Dec-2023 09:52:37 UTC] PHP Notice:  Function map_meta_cap was called incorrectly. The post type provider is not registered, so it may not be reliable to check the capability edit_post against a post of that type. Please see <a>Debugging in WordPress</a> for more information. (This message was added in version 4.4.0.) in /home1/serverfortesting/public_html/creditinsurance/wp-includes/functions.php on line 6031
[26-Dec-2023 10:01:13 UTC] PHP Notice:  Function map_meta_cap was called incorrectly. The post type provider is not registered, so it may not be reliable to check the capability edit_post against a post of that type. Please see <a>Debugging in WordPress</a> for more information. (This message was added in version 4.4.0.) in /home1/serverfortesting/public_html/creditinsurance/wp-includes/functions.php on line 6031
[27-Dec-2023 13:48:13 UTC] PHP Warning:  Invalid argument supplied for foreach() in /home1/serverfortesting/public_html/creditinsurance/wp-content/plugins/elementor-pro/modules/forms/actions/getresponse.php on line 224
[27-Dec-2023 13:59:27 UTC] PHP Warning:  Invalid argument supplied for foreach() in /home1/serverfortesting/public_html/creditinsurance/wp-content/plugins/elementor-pro/modules/forms/actions/getresponse.php on line 224
[28-Dec-2023 09:57:04 UTC] PHP Notice:  Undefined offset: 0 in /home1/serverfortesting/public_html/creditinsurance/wp-content/plugins/elementor-pro/modules/dynamic-tags/acf/tags/acf-text.php on line 33
[28-Dec-2023 09:57:04 UTC] PHP Notice:  Undefined offset: 1 in /home1/serverfortesting/public_html/creditinsurance/wp-content/plugins/elementor-pro/modules/dynamic-tags/acf/tags/acf-text.php on line 33
[28-Dec-2023 10:02:36 UTC] PHP Notice:  Undefined offset: 0 in /home1/serverfortesting/public_html/creditinsurance/wp-content/plugins/elementor-pro/modules/dynamic-tags/acf/tags/acf-text.php on line 33
[28-Dec-2023 10:02:36 UTC] PHP Notice:  Undefined offset: 1 in /home1/serverfortesting/public_html/creditinsurance/wp-content/plugins/elementor-pro/modules/dynamic-tags/acf/tags/acf-text.php on line 33
[28-Dec-2023 10:02:46 UTC] PHP Notice:  Undefined offset: 0 in /home1/serverfortesting/public_html/creditinsurance/wp-content/plugins/elementor-pro/modules/dynamic-tags/acf/tags/acf-text.php on line 33
[28-Dec-2023 10:02:46 UTC] PHP Notice:  Undefined offset: 1 in /home1/serverfortesting/public_html/creditinsurance/wp-content/plugins/elementor-pro/modules/dynamic-tags/acf/tags/acf-text.php on line 33
[28-Dec-2023 10:03:15 UTC] PHP Notice:  Undefined offset: 1 in /home1/serverfortesting/public_html/creditinsurance/wp-content/plugins/elementor-pro/modules/dynamic-tags/acf/dynamic-value-provider.php on line 18
[28-Dec-2023 12:36:54 UTC] PHP Notice:  Function map_meta_cap was called incorrectly. The post type provid is not registered, so it may not be reliable to check the capability edit_post against a post of that type. Please see <a>Debugging in WordPress</a> for more information. (This message was added in version 4.4.0.) in /home1/serverfortesting/public_html/creditinsurance/wp-includes/functions.php on line 6031
[28-Dec-2023 12:38:15 UTC] PHP Notice:  Function map_meta_cap was called incorrectly. The post type provid is not registered, so it may not be reliable to check the capability edit_post against a post of that type. Please see <a>Debugging in WordPress</a> for more information. (This message was added in version 4.4.0.) in /home1/serverfortesting/public_html/creditinsurance/wp-includes/functions.php on line 6031
[28-Dec-2023 12:47:20 UTC] PHP Notice:  Function map_meta_cap was called incorrectly. The post type provid is not registered, so it may not be reliable to check the capability edit_post against a post of that type. Please see <a>Debugging in WordPress</a> for more information. (This message was added in version 4.4.0.) in /home1/serverfortesting/public_html/creditinsurance/wp-includes/functions.php on line 6031
[28-Dec-2023 12:47:20 UTC] PHP Notice:  Function map_meta_cap was called incorrectly. The post type provid is not registered, so it may not be reliable to check the capability edit_post against a post of that type. Please see <a>Debugging in WordPress</a> for more information. (This message was added in version 4.4.0.) in /home1/serverfortesting/public_html/creditinsurance/wp-includes/functions.php on line 6031
[29-Dec-2023 10:04:54 UTC] PHP Fatal error:  Uncaught Error: Object of class WP_Query could not be converted to string in /home1/serverfortesting/public_html/creditinsurance/wp-content/themes/ChildHelloElementor/functions.php:103
Stack trace:
#0 /home1/serverfortesting/public_html/creditinsurance/wp-includes/shortcodes.php(433): custom_providers_search_shortcode(Array, '', 'providers_searc...')
#1 [internal function]: do_shortcode_tag(Array)
#2 /home1/serverfortesting/public_html/creditinsurance/wp-includes/shortcodes.php(273): preg_replace_callback('/\\[(\\[?)(provid...', 'do_shortcode_ta...', '[providers_sear...')
#3 /home1/serverfortesting/public_html/creditinsurance/wp-content/plugins/elementor/includes/widgets/shortcode.php(130): do_shortcode('[providers_sear...')
#4 /home1/serverfortesting/public_html/creditinsurance/wp-content/plugins/elementor/includes/base/controls-stack.php(2297): Elementor\Widget_Shortcode->render()
#5 /home1/serverfortesting/public_html/creditinsurance/wp-content/plugins/elementor/includes/base/widget-base.php(614): Elemento in /home1/serverfortesting/public_html/creditinsurance/wp-content/themes/ChildHelloElementor/functions.php on line 103
[29-Dec-2023 10:04:54 UTC] PHP Fatal error:  Uncaught Error: Object of class WP_Query could not be converted to string in /home1/serverfortesting/public_html/creditinsurance/wp-content/themes/ChildHelloElementor/functions.php:103
Stack trace:
#0 /home1/serverfortesting/public_html/creditinsurance/wp-includes/shortcodes.php(433): custom_providers_search_shortcode(Array, '', 'providers_searc...')
#1 [internal function]: do_shortcode_tag(Array)
#2 /home1/serverfortesting/public_html/creditinsurance/wp-includes/shortcodes.php(273): preg_replace_callback('/\\[(\\[?)(provid...', 'do_shortcode_ta...', '[providers_sear...')
#3 /home1/serverfortesting/public_html/creditinsurance/wp-content/plugins/elementor/includes/widgets/shortcode.php(130): do_shortcode('[providers_sear...')
#4 /home1/serverfortesting/public_html/creditinsurance/wp-content/plugins/elementor/includes/base/controls-stack.php(2297): Elementor\Widget_Shortcode->render()
#5 /home1/serverfortesting/public_html/creditinsurance/wp-content/plugins/elementor/includes/base/widget-base.php(614): Elemento in /home1/serverfortesting/public_html/creditinsurance/wp-content/themes/ChildHelloElementor/functions.php on line 103
[29-Dec-2023 10:05:13 UTC] PHP Fatal error:  Uncaught Error: Object of class WP_Query could not be converted to string in /home1/serverfortesting/public_html/creditinsurance/wp-content/themes/ChildHelloElementor/functions.php:103
Stack trace:
#0 /home1/serverfortesting/public_html/creditinsurance/wp-includes/shortcodes.php(433): custom_providers_search_shortcode(Array, '', 'providers_searc...')
#1 [internal function]: do_shortcode_tag(Array)
#2 /home1/serverfortesting/public_html/creditinsurance/wp-includes/shortcodes.php(273): preg_replace_callback('/\\[(\\[?)(provid...', 'do_shortcode_ta...', '[providers_sear...')
#3 /home1/serverfortesting/public_html/creditinsurance/wp-content/plugins/elementor/includes/widgets/shortcode.php(130): do_shortcode('[providers_sear...')
#4 /home1/serverfortesting/public_html/creditinsurance/wp-content/plugins/elementor/includes/base/controls-stack.php(2297): Elementor\Widget_Shortcode->render()
#5 /home1/serverfortesting/public_html/creditinsurance/wp-content/plugins/elementor/includes/base/widget-base.php(614): Elemento in /home1/serverfortesting/public_html/creditinsurance/wp-content/themes/ChildHelloElementor/functions.php on line 103
[29-Dec-2023 10:05:13 UTC] PHP Fatal error:  Uncaught Error: Object of class WP_Query could not be converted to string in /home1/serverfortesting/public_html/creditinsurance/wp-content/themes/ChildHelloElementor/functions.php:103
Stack trace:
#0 /home1/serverfortesting/public_html/creditinsurance/wp-includes/shortcodes.php(433): custom_providers_search_shortcode(Array, '', 'providers_searc...')
#1 [internal function]: do_shortcode_tag(Array)
#2 /home1/serverfortesting/public_html/creditinsurance/wp-includes/shortcodes.php(273): preg_replace_callback('/\\[(\\[?)(provid...', 'do_shortcode_ta...', '[providers_sear...')
#3 /home1/serverfortesting/public_html/creditinsurance/wp-content/plugins/elementor/includes/widgets/shortcode.php(130): do_shortcode('[providers_sear...')
#4 /home1/serverfortesting/public_html/creditinsurance/wp-content/plugins/elementor/includes/base/controls-stack.php(2297): Elementor\Widget_Shortcode->render()
#5 /home1/serverfortesting/public_html/creditinsurance/wp-content/plugins/elementor/includes/base/widget-base.php(614): Elemento in /home1/serverfortesting/public_html/creditinsurance/wp-content/themes/ChildHelloElementor/functions.php on line 103
[29-Dec-2023 10:05:14 UTC] PHP Fatal error:  Uncaught Error: Object of class WP_Query could not be converted to string in /home1/serverfortesting/public_html/creditinsurance/wp-content/themes/ChildHelloElementor/functions.php:103
Stack trace:
#0 /home1/serverfortesting/public_html/creditinsurance/wp-includes/shortcodes.php(433): custom_providers_search_shortcode(Array, '', 'providers_searc...')
#1 [internal function]: do_shortcode_tag(Array)
#2 /home1/serverfortesting/public_html/creditinsurance/wp-includes/shortcodes.php(273): preg_replace_callback('/\\[(\\[?)(provid...', 'do_shortcode_ta...', '[providers_sear...')
#3 /home1/serverfortesting/public_html/creditinsurance/wp-content/plugins/elementor/includes/widgets/shortcode.php(130): do_shortcode('[providers_sear...')
#4 /home1/serverfortesting/public_html/creditinsurance/wp-content/plugins/elementor/includes/base/controls-stack.php(2297): Elementor\Widget_Shortcode->render()
#5 /home1/serverfortesting/public_html/creditinsurance/wp-content/plugins/elementor/includes/base/widget-base.php(614): Elemento in /home1/serverfortesting/public_html/creditinsurance/wp-content/themes/ChildHelloElementor/functions.php on line 103
[29-Dec-2023 10:05:19 UTC] PHP Fatal error:  Uncaught Error: Object of class WP_Query could not be converted to string in /home1/serverfortesting/public_html/creditinsurance/wp-content/themes/ChildHelloElementor/functions.php:103
Stack trace:
#0 /home1/serverfortesting/public_html/creditinsurance/wp-includes/shortcodes.php(433): custom_providers_search_shortcode(Array, '', 'providers_searc...')
#1 [internal function]: do_shortcode_tag(Array)
#2 /home1/serverfortesting/public_html/creditinsurance/wp-includes/shortcodes.php(273): preg_replace_callback('/\\[(\\[?)(provid...', 'do_shortcode_ta...', '[providers_sear...')
#3 /home1/serverfortesting/public_html/creditinsurance/wp-content/plugins/elementor/includes/widgets/shortcode.php(130): do_shortcode('[providers_sear...')
#4 /home1/serverfortesting/public_html/creditinsurance/wp-content/plugins/elementor/includes/base/controls-stack.php(2297): Elementor\Widget_Shortcode->render()
#5 /home1/serverfortesting/public_html/creditinsurance/wp-content/plugins/elementor/includes/base/widget-base.php(614): Elemento in /home1/serverfortesting/public_html/creditinsurance/wp-content/themes/ChildHelloElementor/functions.php on line 103
[29-Dec-2023 10:05:19 UTC] PHP Notice:  Trying to access array offset on value of type bool in /home1/serverfortesting/public_html/creditinsurance/wp-includes/class-wp-recovery-mode-email-service.php on line 367
[29-Dec-2023 10:05:19 UTC] PHP Notice:  Trying to access array offset on value of type bool in /home1/serverfortesting/public_html/creditinsurance/wp-includes/class-wp-recovery-mode-email-service.php on line 368
[29-Dec-2023 10:05:40 UTC] PHP Fatal error:  Uncaught Error: Object of class WP_Query could not be converted to string in /home1/serverfortesting/public_html/creditinsurance/wp-content/themes/ChildHelloElementor/functions.php:103
Stack trace:
#0 /home1/serverfortesting/public_html/creditinsurance/wp-includes/shortcodes.php(433): custom_providers_search_shortcode(Array, '', 'providers_searc...')
#1 [internal function]: do_shortcode_tag(Array)
#2 /home1/serverfortesting/public_html/creditinsurance/wp-includes/shortcodes.php(273): preg_replace_callback('/\\[(\\[?)(provid...', 'do_shortcode_ta...', '[providers_sear...')
#3 /home1/serverfortesting/public_html/creditinsurance/wp-content/plugins/elementor/includes/widgets/shortcode.php(130): do_shortcode('[providers_sear...')
#4 /home1/serverfortesting/public_html/creditinsurance/wp-content/plugins/elementor/includes/base/controls-stack.php(2297): Elementor\Widget_Shortcode->render()
#5 /home1/serverfortesting/public_html/creditinsurance/wp-content/plugins/elementor/includes/base/widget-base.php(614): Elemento in /home1/serverfortesting/public_html/creditinsurance/wp-content/themes/ChildHelloElementor/functions.php on line 103
[29-Dec-2023 10:06:47 UTC] PHP Fatal error:  Uncaught Error: Object of class WP_Query could not be converted to string in /home1/serverfortesting/public_html/creditinsurance/wp-content/themes/ChildHelloElementor/functions.php:103
Stack trace:
#0 /home1/serverfortesting/public_html/creditinsurance/wp-includes/shortcodes.php(433): custom_providers_search_shortcode(Array, '', 'providers_searc...')
#1 [internal function]: do_shortcode_tag(Array)
#2 /home1/serverfortesting/public_html/creditinsurance/wp-includes/shortcodes.php(273): preg_replace_callback('/\\[(\\[?)(provid...', 'do_shortcode_ta...', '[providers_sear...')
#3 /home1/serverfortesting/public_html/creditinsurance/wp-content/plugins/elementor/includes/widgets/shortcode.php(130): do_shortcode('[providers_sear...')
#4 /home1/serverfortesting/public_html/creditinsurance/wp-content/plugins/elementor/includes/base/controls-stack.php(2297): Elementor\Widget_Shortcode->render()
#5 /home1/serverfortesting/public_html/creditinsurance/wp-content/plugins/elementor/includes/base/widget-base.php(614): Elemento in /home1/serverfortesting/public_html/creditinsurance/wp-content/themes/ChildHelloElementor/functions.php on line 103
[01-Jan-2024 05:35:41 UTC] PHP Parse error:  syntax error, unexpected ' wp_localize_script' (T_STRING) in /home1/serverfortesting/public_html/creditinsurance/wp-content/themes/ChildHelloElementor/functions.php on line 37
[01-Jan-2024 12:24:17 UTC] PHP Parse error:  syntax error, unexpected '" class='dropdown-item' data-v' (T_CONSTANT_ENCAPSED_STRING) in /home1/serverfortesting/public_html/creditinsurance/wp-content/themes/ChildHelloElementor/functions.php on line 77
[01-Jan-2024 12:24:41 UTC] PHP Parse error:  syntax error, unexpected '"' class='dropdown-item' data-' (T_CONSTANT_ENCAPSED_STRING) in /home1/serverfortesting/public_html/creditinsurance/wp-content/themes/ChildHelloElementor/functions.php on line 77
[11-Jan-2024 07:15:26 UTC] PHP Deprecated:  Function print_emoji_styles is deprecated since version 6.4.0! Use wp_enqueue_emoji_styles instead. in /home1/serverfortesting/public_html/creditinsurance/wp-includes/functions.php on line 6031
[12-Jan-2024 09:55:04 UTC] PHP Notice:  Undefined index: editor_post_id in /home1/serverfortesting/public_html/creditinsurance/wp-content/plugins/elementor/modules/history/revisions-manager.php on line 363
[12-Jan-2024 09:56:36 UTC] PHP Notice:  Undefined index: editor_post_id in /home1/serverfortesting/public_html/creditinsurance/wp-content/plugins/elementor-pro/modules/theme-builder/classes/conditions-manager.php on line 179
[15-Jan-2024 09:17:39 UTC] PHP Notice:  Trying to get property 'title' of non-object in /home1/serverfortesting/public_html/creditinsurance/wp-includes/class-wp-customize-widgets.php on line 905
[26-Jan-2024 04:49:38 UTC] PHP Deprecated:  Function print_emoji_styles is deprecated since version 6.4.0! Use wp_enqueue_emoji_styles instead. in /home1/serverfortesting/public_html/creditinsurance/wp-includes/functions.php on line 6031
